This is pdfTeX, Version 3.141592653-2.6-1.40.25 (TeX Live 2023) (preloaded format=pdflatex 2023.3.31)  9 JUN 2023 11:41
entering extended mode
 restricted \write18 enabled.
 file:line:error style messages enabled.
 %&-line parsing enabled.
**abstract.bib
(./abstract.bib
LaTeX2e <2022-11-01> patch level 1
L3 programming layer <2023-02-22>

./abstract.bib:11: LaTeX Error: Missing \begin{document}.

See the LaTeX manual or LaTeX Companion for explanation.
Type  H <return>  for immediate help.
 ...                                              
                                                  
l.11 @
      book{Qian_2021,
? 
./abstract.bib:11: Emergency stop.
 ...                                              
                                                  
l.11 @
      book{Qian_2021,
You're in trouble here.  Try typing  <return>  to proceed.
If that doesn't work, type  X <return>  to quit.

 
Here is how much of TeX's memory you used:
 18 strings out of 476025
 524 string characters out of 5790017
 1849388 words of memory out of 5000000
 20569 multiletter control sequences out of 15000+600000
 512287 words of font info for 32 fonts, out of 8000000 for 9000
 1141 hyphenation exceptions out of 8191
 13i,0n,12p,103b,14s stack positions out of 10000i,1000n,20000p,200000b,200000s
./abstract.bib:11:  ==> Fatal error occurred, no output PDF file produced!
